<?xml version="1.0" encoding="UTF-8"?>
<!-- Generated by org.testng.reporters.JUnitXMLReporter -->
<testsuite ignored="0" hostname="DESKTOP-HNPQ0TD" failures="0" tests="5" name="API Tests" time="7.092" errors="0" timestamp="2025-11-24T23:39:59 SAST">
  <testcase classname="com.api.automation.tests.ActivityDemoApiTest" name="getActivities" time="2.705"/>
  <testcase classname="com.api.automation.tests.ActivityDemoApiTest" name="postActivity" time="0.982"/>
  <testcase classname="com.api.automation.tests.ActivityDemoApiTest" name="getActivitiesById" time="0.848"/>
  <testcase classname="com.api.automation.tests.ActivityDemoApiTest" name="putActivitiesById" time="1.018"/>
  <testcase classname="com.api.automation.tests.ActivityDemoApiTest" name="deleteActivitiesById" time="0.764"/>
</testsuite> <!-- API Tests -->
