<?xml version="1.0" encoding="UTF-8"?>
<!-- Generated by org.testng.reporters.JUnitReportReporter -->
<testsuite hostname="DESKTOP-HNPQ0TD" failures="0" tests="2" name="com.api.automation.tests.SampleApiTest" time="4.391" errors="0" timestamp="2025-11-12T02:38:45 SAST" skipped="0">
  <testcase classname="com.api.automation.tests.SampleApiTest" name="getUsersTest" time="2.680"/>
  <testcase classname="com.api.automation.tests.SampleApiTest" name="postLogInAsUserCreated" time="1.711"/>
</testsuite> <!-- com.api.automation.tests.SampleApiTest -->
