<?xml version="1.0" encoding="UTF-8"?>
<!-- Generated by org.testng.reporters.JUnitReportReporter -->
<testsuite hostname="DESKTOP-HNPQ0TD" failures="0" tests="5" name="com.api.automation.tests.ActivityDemoApiTest" time="6.317" errors="0" timestamp="2025-11-24T23:40:00 SAST" skipped="0">
  <testcase classname="com.api.automation.tests.ActivityDemoApiTest" name="getActivities" time="2.705"/>
  <testcase classname="com.api.automation.tests.ActivityDemoApiTest" name="postActivity" time="0.982"/>
  <testcase classname="com.api.automation.tests.ActivityDemoApiTest" name="getActivitiesById" time="0.848"/>
  <testcase classname="com.api.automation.tests.ActivityDemoApiTest" name="putActivitiesById" time="1.018"/>
  <testcase classname="com.api.automation.tests.ActivityDemoApiTest" name="deleteActivitiesById" time="0.764"/>
</testsuite> <!-- com.api.automation.tests.ActivityDemoApiTest -->
