<?xml version="1.0" encoding="UTF-8"?>
<testng-results ignored="0" total="2" passed="2" failed="0" skipped="0">
  <reporter-output>
  </reporter-output>
  <suite started-at="2025-11-12T02:38:40 SAST" name="API Test Suite" finished-at="2025-11-12T02:38:45 SAST" duration-ms="5037">
    <groups>
    </groups>
    <test started-at="2025-11-12T02:38:40 SAST" name="API Tests" finished-at="2025-11-12T02:38:45 SAST" duration-ms="5037">
      <class name="com.api.automation.tests.SampleApiTest">
        <test-method is-config="true" signature="setup()[pri:0, instance:com.api.automation.tests.SampleApiTest@6af9fcb2]" started-at="2025-11-12T02:38:40 SAST" name="setup" finished-at="2025-11-12T02:38:41 SAST" duration-ms="502" status="PASS">
          <reporter-output>
          </reporter-output>
        </test-method> <!-- setup -->
        <test-method signature="getUsersTest()[pri:0, instance:com.api.automation.tests.SampleApiTest@6af9fcb2]" started-at="2025-11-12T02:38:41 SAST" name="getUsersTest" description="Register A Users" finished-at="2025-11-12T02:38:43 SAST" duration-ms="2680" status="PASS">
          <reporter-output>
          </reporter-output>
        </test-method> <!-- getUsersTest -->
        <test-method signature="postLogInAsUserCreated()[pri:1, instance:com.api.automation.tests.SampleApiTest@6af9fcb2]" started-at="2025-11-12T02:38:43 SAST" name="postLogInAsUserCreated" description="Log In As A Created Users" finished-at="2025-11-12T02:38:45 SAST" duration-ms="1711" status="PASS">
          <reporter-output>
          </reporter-output>
        </test-method> <!-- postLogInAsUserCreated -->
        <test-method is-config="true" signature="tearDown()[pri:0, instance:com.api.automation.tests.SampleApiTest@6af9fcb2]" started-at="2025-11-12T02:38:45 SAST" name="tearDown" finished-at="2025-11-12T02:38:45 SAST" duration-ms="2" status="PASS">
          <reporter-output>
          </reporter-output>
        </test-method> <!-- tearDown -->
      </class> <!-- com.api.automation.tests.SampleApiTest -->
    </test> <!-- API Tests -->
  </suite> <!-- API Test Suite -->
</testng-results>
