<?xml version="1.0" encoding="UTF-8"?>
<testsuite xmlns:xsi="http://www.w3.org/2001/XMLSchema-instance" xsi:noNamespaceSchemaLocation="https://maven.apache.org/surefire/maven-surefire-plugin/xsd/surefire-test-report.xsd" version="3.0.2" name="TestSuite" time="8.28" tests="5" errors="0" skipped="0" failures="0">
  <properties>
[...]
</properties>
  <testcase name="getActivities" classname="com.api.automation.tests.ActivityDemoApiTest" time="2.763">
    <system-out><![CDATA[Loaded config for environment: dev
✅ Allure environment.properties written successfully!
STARTING TEST: getActivities
Request method:	GET
Request URI:	https://fakerestapi.azurewebsites.net/api/v1/Activities
Proxy:			<none>
Request params:	<none>
Query params:	<none>
Form params:	<none>
Path params:	<none>
Headers:		Accept=*/*
				Content-Type=application/json
Cookies:		<none>
Multiparts:		<none>
Body:			<none>
HTTP/1.1 200 OK
Content-Type: application/json; charset=utf-8; v=1.0
Date: Mon, 24 Nov 2025 21:39:55 GMT
Server: Kestrel
Transfer-Encoding: chunked
api-supported-versions: 1.0

[
    {
        "id": 1,
        "title": "Activity 1",
        "dueDate": "2025-11-24T22:39:55.786016+00:00",
        "completed": false
    },
    {
        "id": 2,
        "title": "Activity 2",
        "dueDate": "2025-11-24T23:39:55.7860178+00:00",
        "completed": true
    },
    {
        "id": 3,
        "title": "Activity 3",
        "dueDate": "2025-11-25T00:39:55.786018+00:00",
        "completed": false
    },
    {
        "id": 4,
        "title": "Activity 4",
        "dueDate": "2025-11-25T01:39:55.7860182+00:00",
        "completed": true
    },
    {
        "id": 5,
        "title": "Activity 5",
        "dueDate": "2025-11-25T02:39:55.7860184+00:00",
        "completed": false
    },
    {
        "id": 6,
        "title": "Activity 6",
        "dueDate": "2025-11-25T03:39:55.7860188+00:00",
        "completed": true
    },
    {
        "id": 7,
        "title": "Activity 7",
        "dueDate": "2025-11-25T04:39:55.786019+00:00",
        "completed": false
    },
    {
        "id": 8,
        "title": "Activity 8",
        "dueDate": "2025-11-25T05:39:55.7860192+00:00",
        "completed": true
    },
    {
        "id": 9,
        "title": "Activity 9",
        "dueDate": "2025-11-25T06:39:55.7860193+00:00",
        "completed": false
    },
    {
        "id": 10,
        "title": "Activity 10",
        "dueDate": "2025-11-25T07:39:55.7860197+00:00",
        "completed": true
    },
    {
        "id": 11,
        "title": "Activity 11",
        "dueDate": "2025-11-25T08:39:55.7860199+00:00",
        "completed": false
    },
    {
        "id": 12,
        "title": "Activity 12",
        "dueDate": "2025-11-25T09:39:55.7860201+00:00",
        "completed": true
    },
    {
        "id": 13,
        "title": "Activity 13",
        "dueDate": "2025-11-25T10:39:55.7860203+00:00",
        "completed": false
    },
    {
        "id": 14,
        "title": "Activity 14",
        "dueDate": "2025-11-25T11:39:55.7860205+00:00",
        "completed": true
    },
    {
        "id": 15,
        "title": "Activity 15",
        "dueDate": "2025-11-25T12:39:55.7860206+00:00",
        "completed": false
    },
    {
        "id": 16,
        "title": "Activity 16",
        "dueDate": "2025-11-25T13:39:55.7860208+00:00",
        "completed": true
    },
    {
        "id": 17,
        "title": "Activity 17",
        "dueDate": "2025-11-25T14:39:55.786021+00:00",
        "completed": false
    },
    {
        "id": 18,
        "title": "Activity 18",
        "dueDate": "2025-11-25T15:39:55.7860212+00:00",
        "completed": true
    },
    {
        "id": 19,
        "title": "Activity 19",
        "dueDate": "2025-11-25T16:39:55.7860214+00:00",
        "completed": false
    },
    {
        "id": 20,
        "title": "Activity 20",
        "dueDate": "2025-11-25T17:39:55.7860215+00:00",
        "completed": true
    },
    {
        "id": 21,
        "title": "Activity 21",
        "dueDate": "2025-11-25T18:39:55.7860217+00:00",
        "completed": false
    },
    {
        "id": 22,
        "title": "Activity 22",
        "dueDate": "2025-11-25T19:39:55.7860219+00:00",
        "completed": true
    },
    {
        "id": 23,
        "title": "Activity 23",
        "dueDate": "2025-11-25T20:39:55.786022+00:00",
        "completed": false
    },
    {
        "id": 24,
        "title": "Activity 24",
        "dueDate": "2025-11-25T21:39:55.7860222+00:00",
        "completed": true
    },
    {
        "id": 25,
        "title": "Activity 25",
        "dueDate": "2025-11-25T22:39:55.7860224+00:00",
        "completed": false
    },
    {
        "id": 26,
        "title": "Activity 26",
        "dueDate": "2025-11-25T23:39:55.7860225+00:00",
        "completed": true
    },
    {
        "id": 27,
        "title": "Activity 27",
        "dueDate": "2025-11-26T00:39:55.7860227+00:00",
        "completed": false
    },
    {
        "id": 28,
        "title": "Activity 28",
        "dueDate": "2025-11-26T01:39:55.7860228+00:00",
        "completed": true
    },
    {
        "id": 29,
        "title": "Activity 29",
        "dueDate": "2025-11-26T02:39:55.786023+00:00",
        "completed": false
    },
    {
        "id": 30,
        "title": "Activity 30",
        "dueDate": "2025-11-26T03:39:55.7860231+00:00",
        "completed": true
    }
]
]]></system-out>
    <system-err><![CDATA[SLF4J: Failed to load class "org.slf4j.impl.StaticLoggerBinder".
SLF4J: Defaulting to no-operation (NOP) logger implementation
SLF4J: See http://www.slf4j.org/codes.html#StaticLoggerBinder for further details.
]]></system-err>
  </testcase>
  <testcase name="postActivity" classname="com.api.automation.tests.ActivityDemoApiTest" time="0.981">
    <system-out><![CDATA[TEST PASSED: getActivities
STARTING TEST: postActivity
Request method:	POST
Request URI:	https://fakerestapi.azurewebsites.net/api/v1/Activities
Proxy:			<none>
Request params:	<none>
Query params:	<none>
Form params:	<none>
Path params:	<none>
Headers:		Accept=*/*
				Content-Type=application/json
Cookies:		<none>
Multiparts:		<none>
Body:
{
    "id": 0,
    "title": "System Planing",
    "dueDate": "2025-11-24T20:02:12.103Z",
    "completed": true
}
HTTP/1.1 200 OK
Content-Type: application/json; charset=utf-8; v=1.0
Date: Mon, 24 Nov 2025 21:39:56 GMT
Server: Kestrel
Transfer-Encoding: chunked
api-supported-versions: 1.0

{
    "id": 0,
    "title": "System Planing",
    "dueDate": "2025-11-24T20:02:12.103Z",
    "completed": true
}
]]></system-out>
  </testcase>
  <testcase name="getActivitiesById" classname="com.api.automation.tests.ActivityDemoApiTest" time="0.849">
    <system-out><![CDATA[TEST PASSED: postActivity
STARTING TEST: getActivitiesById
Request method:	GET
Request URI:	https://fakerestapi.azurewebsites.net/api/v1/Activities/20
Proxy:			<none>
Request params:	<none>
Query params:	<none>
Form params:	<none>
Path params:	id=20
Headers:		Accept=*/*
				Content-Type=application/json
Cookies:		<none>
Multiparts:		<none>
Body:			<none>
HTTP/1.1 200 OK
Content-Type: application/json; charset=utf-8; v=1.0
Date: Mon, 24 Nov 2025 21:39:57 GMT
Server: Kestrel
Transfer-Encoding: chunked
api-supported-versions: 1.0

{
    "id": 20,
    "title": "Activity 20",
    "dueDate": "2025-11-25T17:39:57.8372787+00:00",
    "completed": true
}
]]></system-out>
  </testcase>
  <testcase name="putActivitiesById" classname="com.api.automation.tests.ActivityDemoApiTest" time="1.017">
    <system-out><![CDATA[TEST PASSED: getActivitiesById
STARTING TEST: putActivitiesById
Request method:	PUT
Request URI:	https://fakerestapi.azurewebsites.net/api/v1/Activities/20
Proxy:			<none>
Request params:	<none>
Query params:	<none>
Form params:	<none>
Path params:	id=20
Headers:		Accept=*/*
				Content-Type=application/json
Cookies:		<none>
Multiparts:		<none>
Body:
{
    "id": 40,
    "title": "Test Case Design",
    "dueDate": "2025-11-24T20:02:12.103Z",
    "completed": true
}
HTTP/1.1 200 OK
Content-Type: application/json; charset=utf-8; v=1.0
Date: Mon, 24 Nov 2025 21:39:58 GMT
Server: Kestrel
Transfer-Encoding: chunked
api-supported-versions: 1.0

{
    "id": 40,
    "title": "Test Case Design",
    "dueDate": "2025-11-24T20:02:12.103Z",
    "completed": true
}
]]></system-out>
  </testcase>
  <testcase name="deleteActivitiesById" classname="com.api.automation.tests.ActivityDemoApiTest" time="0.763">
    <system-out><![CDATA[TEST PASSED: putActivitiesById
STARTING TEST: deleteActivitiesById
Request method:	DELETE
Request URI:	https://fakerestapi.azurewebsites.net/api/v1/Activities/20
Proxy:			<none>
Request params:	<none>
Query params:	<none>
Form params:	<none>
Path params:	id=20
Headers:		Accept=*/*
				Content-Type=application/json
Cookies:		<none>
Multiparts:		<none>
Body:			<none>
HTTP/1.1 200 OK
Content-Length: 0
Date: Mon, 24 Nov 2025 21:39:58 GMT
Server: Kestrel
api-supported-versions: 1.0
]]></system-out>
  </testcase>
</testsuite>