<?xml version="1.0" encoding="UTF-8"?>
<testsuite xmlns:xsi="http://www.w3.org/2001/XMLSchema-instance" xsi:noNamespaceSchemaLocation="https://maven.apache.org/surefire/maven-surefire-plugin/xsd/surefire-test-report.xsd" version="3.0.2" name="TestSuite" time="6.298" tests="2" errors="0" skipped="0" failures="0">
  <properties>
[...]
</properties>
  <testcase name="getUsersTest" classname="com.api.automation.tests.SampleApiTest" time="2.748">
    <system-out><![CDATA[Loaded config for environment: dev
✅ Allure environment.properties written successfully!
STARTING TEST: getUsersTest
Request method:	POST
Request URI:	http://64.227.160.186:8080/api/auth/signup
Proxy:			<none>
Request params:	<none>
Query params:	<none>
Form params:	<none>
Path params:	<none>
Headers:		Accept=*/*
				Content-Type=application/json
Cookies:		<none>
Multiparts:		<none>
Body:
{
    "firstName": "TempUser6399",
    "lastName": "TempULastName6399",
    "password": "P@$$w0rd@1996",
    "mobileNumber": "0658341898",
    "email": "TempUser6399@gmail.com",
    "username": "TempUser6399"
}
HTTP/1.1 200 
Vary: Origin
Vary: Access-Control-Request-Method
Vary: Access-Control-Request-Headers
Access-Control-Allow-Origin: https://swift.techwithjatin.com
Access-Control-Allow-Methods: GET, POST, PUT, DELETE, OPTIONS
Access-Control-Max-Age: 3600
Access-Control-Allow-Headers: Authorization, Content-Type, Accept
Access-Control-Allow-Credentials: true
X-Content-Type-Options: nosniff
X-XSS-Protection: 0
Cache-Control: no-cache, no-store, max-age=0, must-revalidate
Pragma: no-cache
Expires: 0
X-Frame-Options: DENY
Content-Type: text/plain;charset=UTF-8
Content-Length: 29
Date: Wed, 12 Nov 2025 00:38:43 GMT
Keep-Alive: timeout=60
Connection: keep-alive

User registered successfully!
]]></system-out>
    <system-err><![CDATA[SLF4J: Failed to load class "org.slf4j.impl.StaticLoggerBinder".
SLF4J: Defaulting to no-operation (NOP) logger implementation
SLF4J: See http://www.slf4j.org/codes.html#StaticLoggerBinder for further details.
]]></system-err>
  </testcase>
  <testcase name="postLogInAsUserCreated" classname="com.api.automation.tests.SampleApiTest" time="1.714">
    <system-out><![CDATA[TEST PASSED: getUsersTest
STARTING TEST: postLogInAsUserCreated
Request method:	POST
Request URI:	http://64.227.160.186:8080/api/auth/login
Proxy:			<none>
Request params:	<none>
Query params:	<none>
Form params:	<none>
Path params:	<none>
Headers:		Accept=*/*
				Content-Type=application/json
Cookies:		<none>
Multiparts:		<none>
Body:
{
    "firstName": "TempUser6399",
    "lastName": "TempULastName6399",
    "password": "P@$$w0rd@1996",
    "mobileNumber": "0658341898",
    "email": "TempUser6399@gmail.com",
    "username": "TempUser6399"
}
HTTP/1.1 200 
Vary: Origin
Vary: Access-Control-Request-Method
Vary: Access-Control-Request-Headers
Access-Control-Allow-Origin: https://swift.techwithjatin.com
Access-Control-Allow-Methods: GET, POST, PUT, DELETE, OPTIONS
Access-Control-Max-Age: 3600
Access-Control-Allow-Headers: Authorization, Content-Type, Accept
Access-Control-Allow-Credentials: true
X-Content-Type-Options: nosniff
X-XSS-Protection: 0
Cache-Control: no-cache, no-store, max-age=0, must-revalidate
Pragma: no-cache
Expires: 0
X-Frame-Options: DENY
Content-Type: application/json
Transfer-Encoding: chunked
Date: Wed, 12 Nov 2025 00:38:44 GMT
Keep-Alive: timeout=60
Connection: keep-alive

{
    "token": "eyJhbGciOiJIUzI1NiJ9.eyJzdWIiOiJUZW1wVXNlcjYzOTkiLCJpYXQiOjE3NjI5MDc5MjQsImV4cCI6MTc2MjkxMTUyNH0.xrp4djdCfvLVbyV199UUQP2xkX8X6eObeXHEJ_oqe2Q",
    "type": "Bearer",
    "id": 3255,
    "username": "TempUser6399",
    "email": "TempUser6399@gmail.com",
    "roles": [
        "ROLE_USER"
    ]
}
]]></system-out>
  </testcase>
</testsuite>